+ /opt/hostedtoolcache/Python/3.12.13/x64/bin/python -m py_compile tools/validate_guided_autonomy.py
+ node --check tools/guided_autonomy.mjs
+ /opt/hostedtoolcache/Python/3.12.13/x64/bin/python /home/runner/work/genesis-ultra-updated-1/genesis-ultra-updated-1/.tmp_generate_guided_autonomy_fixture.py
projection sha256:63aa712ad02b9a116e5113f1c31fead9bf2c1e3d5d44264bc0929834c9f0870b
decisions [('use_01HAUTONOMY_CODE_ALLOW1', 'allowed', 'allowed'), ('use_01HAUTONOMY_CODE_SUSPEND', 'denied', 'grant_suspended'), ('use_01HAUTONOMY_CODE_ALLOW2', 'allowed', 'allowed'), ('use_01HAUTONOMY_MEMORY_OK01', 'allowed', 'allowed'), ('use_01HAUTONOMY_MEMORY_NOOBS', 'denied', 'observer_required'), ('use_01HAUTONOMY_CODE_NOCONF', 'denied', 'human_confirmation_required'), ('use_01HAUTONOMY_CODE_TARGET', 'denied', 'target_not_authorized'), ('use_01HAUTONOMY_CODE_BUDGET', 'denied', 'action_budget_exceeded'), ('use_01HAUTONOMY_EXTERNAL001', 'denied', 'grant_missing'), ('use_01HAUTONOMY_SELFGRANT1', 'denied', 'capability_forbidden'), ('use_01HAUTONOMY_CODE_REVOKED', 'denied', 'grant_revoked')]
rejections 37
+ /opt/hostedtoolcache/Python/3.12.13/x64/bin/python tools/validate_guided_autonomy.py
OK guided autonomy grants (2 doors, 7 ledger events)
OK autonomy projection digest sha256:63aa712ad02b9a116e5113f1c31fead9bf2c1e3d5d44264bc0929834c9f0870b
OK use decisions (3 allowed, 8 denied)
OK guided autonomy boundary rejection cases (37)
NOTE proposals and evaluations never self-authorize; only signed guardian grants open capabilities.
+ node tools/guided_autonomy.mjs validate
OK guided autonomy grants (2 doors, 7 ledger events)
OK autonomy projection digest sha256:63aa712ad02b9a116e5113f1c31fead9bf2c1e3d5d44264bc0929834c9f0870b
OK use decisions (3 allowed, 8 denied)
OK guided autonomy boundary rejection cases (37)
NOTE proposals and evaluations never self-authorize; only signed guardian grants open capabilities.
+ node tools/guided_autonomy.mjs build conformance/guided_autonomy_vectors.json /home/runner/work/genesis-ultra-updated-1/genesis-ultra-updated-1/.tmp_guided_autonomy_projection.json
/home/runner/work/genesis-ultra-updated-1/genesis-ultra-updated-1/.tmp_guided_autonomy_projection.json
+ /opt/hostedtoolcache/Python/3.12.13/x64/bin/python tools/generate_draft_manifest.py --write
Updated conformance/draft_manifest.json
+ /opt/hostedtoolcache/Python/3.12.13/x64/bin/python tools/generate_draft_manifest.py --check
OK draft manifest: 175 files, root=sha256:a9e69bd6f717539a04c32135ce8606ae2951db0af99f837721440b21b86981b9
